<?xml version="1.0" encoding="UTF-8"?>
<testsuite name="TicTacToeTest" tests="1" skipped="0" failures="0" errors="0" timestamp="2020-08-05T17:59:17" hostname="DESKTOP-E1ML8SG" time="0.674">
  <properties/>
  <testcase name="start" classname="TicTacToeTest" time="0.674"/>
  <system-out><![CDATA[?[1;31m
Start test 1?[0m
> _XXOO_OX_
---------
| __X_X_|
| O_O___|
| O_X___|
---------
Enter the coordinates: > 1 1
This cell is occupied! Choose another one!
Enter the coordinates: > 1 2
This cell is occupied! Choose another one!
Enter the coordinates: > 1 3
---------
| X_X_X_|
| O_O___|
| O_X___|
---------
?[1;31m
Start test 2?[0m
> _XXOO_OX_
---------
| __X_X_|
| O_O___|
| O_X___|
---------
Enter the coordinates: > 4 1
Coordinates should be from 1 to 3!
Enter the coordinates: > 1 2
This cell is occupied! Choose another one!
Enter the coordinates: > 1 3
---------
| X_X_X_|
| O_O___|
| O_X___|
---------
?[1;31m
Start test 3?[0m
> _XXOO_OX_
---------
| __X_X_|
| O_O___|
| O_X___|
---------
Enter the coordinates: > 1 3
---------
| X_X_X_|
| O_O___|
| O_X___|
---------
?[1;31m
Start test 4?[0m
> _XXOO_OX_
---------
| __X_X_|
| O_O___|
| O_X___|
---------
Enter the coordinates: > 4 3
Coordinates should be from 1 to 3!
Enter the coordinates: > 2 1
This cell is occupied! Choose another one!
Enter the coordinates: > 2 2
This cell is occupied! Choose another one!
Enter the coordinates: > 2 3
This cell is occupied! Choose another one!
Enter the coordinates: > 3 1
---------
| __X_X_|
| O_O___|
| O_X_X_|
---------
?[1;31m
Start test 5?[0m
> _XXOO_OX_
---------
| __X_X_|
| O_O___|
| O_X___|
---------
Enter the coordinates: > 2 2
This cell is occupied! Choose another one!
Enter the coordinates: > 2 3
This cell is occupied! Choose another one!
Enter the coordinates: > 3 1
---------
| __X_X_|
| O_O___|
| O_X_X_|
---------
?[1;31m
Start test 6?[0m
> _XXOO_OX_
---------
| __X_X_|
| O_O___|
| O_X___|
---------
Enter the coordinates: > 4 5
Coordinates should be from 1 to 3!
Enter the coordinates: > 2 3
This cell is occupied! Choose another one!
Enter the coordinates: > 3 1
---------
| __X_X_|
| O_O___|
| O_X_X_|
---------
?[1;31m
Start test 7?[0m
> _XXOO_OX_
---------
| __X_X_|
| O_O___|
| O_X___|
---------
Enter the coordinates: > 3 1
---------
| __X_X_|
| O_O___|
| O_X_X_|
---------
?[1;31m
Start test 8?[0m
> _XXOO_OX_
---------
| __X_X_|
| O_O___|
| O_X___|
---------
Enter the coordinates: > 4 7
Coordinates should be from 1 to 3!
Enter the coordinates: > 3 2
---------
| __X_X_|
| O_O_X_|
| O_X___|
---------
?[1;31m
Start test 9?[0m
> _XXOO_OX_
---------
| __X_X_|
| O_O___|
| O_X___|
---------
Enter the coordinates: > 3 3
This cell is occupied! Choose another one!
Enter the coordinates: > 1 1
This cell is occupied! Choose another one!
Enter the coordinates: > 1 2
This cell is occupied! Choose another one!
Enter the coordinates: > 1 3
---------
| X_X_X_|
| O_O___|
| O_X___|
---------
?[1;31m
Start test 10?[0m
> _________
---------
| ______|
| ______|
| ______|
---------
Enter the coordinates: > 4 9
Coordinates should be from 1 to 3!
Enter the coordinates: > 1 1
---------
| ______|
| ______|
| X_____|
---------
?[1;31m
Start test 11?[0m
> _________
---------
| ______|
| ______|
| ______|
---------
Enter the coordinates: > 1 2
---------
| ______|
| X_____|
| ______|
---------
?[1;31m
Start test 12?[0m
> _________
---------
| ______|
| ______|
| ______|
---------
Enter the coordinates: > 4 11
Coordinates should be from 1 to 3!
Enter the coordinates: > 1 3
---------
| X_____|
| ______|
| ______|
---------
?[1;31m
Start test 13?[0m
> _________
---------
| ______|
| ______|
| ______|
---------
Enter the coordinates: > 2 1
---------
| ______|
| ______|
| __X___|
---------
?[1;31m
Start test 14?[0m
> _________
---------
| ______|
| ______|
| ______|
---------
Enter the coordinates: > 4 13
Coordinates should be from 1 to 3!
Enter the coordinates: > 2 2
---------
| ______|
| __X___|
| ______|
---------
?[1;31m
Start test 15?[0m
> _________
---------
| ______|
| ______|
| ______|
---------
Enter the coordinates: > 2 3
---------
| __X___|
| ______|
| ______|
---------
?[1;31m
Start test 16?[0m
> _________
---------
| ______|
| ______|
| ______|
---------
Enter the coordinates: > 4 15
Coordinates should be from 1 to 3!
Enter the coordinates: > 3 1
---------
| ______|
| ______|
| ____X_|
---------
?[1;31m
Start test 17?[0m
> _________
---------
| ______|
| ______|
| ______|
---------
Enter the coordinates: > 3 2
---------
| ______|
| ____X_|
| ______|
---------
?[1;31m
Start test 18?[0m
> _________
---------
| ______|
| ______|
| ______|
---------
Enter the coordinates: > 4 17
Coordinates should be from 1 to 3!
Enter the coordinates: > 3 3
---------
| ____X_|
| ______|
| ______|
---------
?[1;31m
Start test 19?[0m
> X_X_O____
---------
| X___X_|
| __O___|
| ______|
---------
Enter the coordinates: > 1 1
---------
| X___X_|
| __O___|
| X_____|
---------
?[1;31m
Start test 20?[0m
> X_X_O____
---------
| X___X_|
| __O___|
| ______|
---------
Enter the coordinates: > 4 19
Coordinates should be from 1 to 3!
Enter the coordinates: > 1 2
---------
| X___X_|
| X_O___|
| ______|
---------
?[1;31m
Start test 21?[0m
> X_X_O____
---------
| X___X_|
| __O___|
| ______|
---------
Enter the coordinates: > 1 3
This cell is occupied! Choose another one!
Enter the coordinates: > 2 1
---------
| X___X_|
| __O___|
| __X___|
---------
?[1;31m
Start test 22?[0m
> X_X_O____
---------
| X___X_|
| __O___|
| ______|
---------
Enter the coordinates: > 4 21
Coordinates should be from 1 to 3!
Enter the coordinates: > 2 1
---------
| X___X_|
| __O___|
| __X___|
---------
?[1;31m
Start test 23?[0m
> X_X_O____
---------
| X___X_|
| __O___|
| ______|
---------
Enter the coordinates: > 2 2
This cell is occupied! Choose another one!
Enter the coordinates: > 2 3
---------
| X_X_X_|
| __O___|
| ______|
---------
?[1;31m
Start test 24?[0m
> X_X_O____
---------
| X___X_|
| __O___|
| ______|
---------
Enter the coordinates: > 4 23
Coordinates should be from 1 to 3!
Enter the coordinates: > 2 3
---------
| X_X_X_|
| __O___|
| ______|
---------
?[1;31m
Start test 25?[0m
> X_X_O____
---------
| X___X_|
| __O___|
| ______|
---------
Enter the coordinates: > 3 1
---------
| X___X_|
| __O___|
| ____X_|
---------
?[1;31m
Start test 26?[0m
> X_X_O____
---------
| X___X_|
| __O___|
| ______|
---------
Enter the coordinates: > 4 25
Coordinates should be from 1 to 3!
Enter the coordinates: > 3 2
---------
| X___X_|
| __O_X_|
| ______|
---------
?[1;31m
Start test 27?[0m
> X_X_O____
---------
| X___X_|
| __O___|
| ______|
---------
Enter the coordinates: > 3 3
This cell is occupied! Choose another one!
Enter the coordinates: > 1 1
---------
| X___X_|
| __O___|
| X_____|
---------
]]></system-out>
  <system-err><![CDATA[]]></system-err>
</testsuite>
